14:27:09.085 [main] INFO  TestBase.zighome - Open the zigwheel Homepage
14:27:18.307 [main] INFO  TestBase.zighome - Select Honda as manufacturer
14:27:20.861 [main] INFO  TestBase.zighome - Select Price under 4 lakh
14:27:26.681 [main] INFO  TestBase.zighome - --- Running on local system ---
14:27:34.780 [main] INFO  TestBase.zighome - Select used cars in chennai
14:27:39.906 [main] INFO  TestBase.zighome - Get model list
14:28:32.222 [main] INFO  TestBase.zighome - --- Running on local system ---
14:28:46.170 [main] INFO  TestBase.zighome - Login the site with google
14:30:13.596 [main] INFO  TestBase.zighome - --- Running on local system ---
14:30:24.639 [main] INFO  TestBase.zighome - Open the zigwheel Homepage
14:30:32.512 [main] INFO  TestBase.zighome - Select Honda as manufacturer
14:30:35.306 [main] INFO  TestBase.zighome - Select Price under 4 lakh
14:30:41.494 [main] INFO  TestBase.zighome - --- Running on local system ---
14:30:48.811 [main] INFO  TestBase.zighome - Select used cars in chennai
14:30:59.366 [main] INFO  TestBase.zighome - Get model list
14:31:03.653 [main] INFO  TestBase.zighome - --- Running on local system ---
14:31:12.168 [main] INFO  TestBase.zighome - Login the site with google
14:32:50.852 [main] INFO  TestBase.zighome - --- Running on local system ---
14:33:01.440 [main] INFO  TestBase.zighome - Open the zigwheel Homepage
14:33:09.244 [main] INFO  TestBase.zighome - Select Honda as manufacturer
14:33:13.686 [main] INFO  TestBase.zighome - Select Price under 4 lakh
14:33:21.132 [main] INFO  TestBase.zighome - --- Running on local system ---
14:33:52.136 [main] INFO  TestBase.zighome - Select used cars in chennai
14:34:19.180 [main] INFO  TestBase.zighome - Get model list
14:34:23.706 [main] INFO  TestBase.zighome - --- Running on local system ---
14:34:35.746 [main] INFO  TestBase.zighome - Login the site with google
18:42:19.378 [main] INFO  TestBase.zighome - --- Running on local system ---
18:43:37.992 [main] INFO  TestBase.zighome - Open the zigwheel Homepage
18:43:46.023 [main] INFO  TestBase.zighome - Select Honda as manufacturer
18:43:53.745 [main] INFO  TestBase.zighome - Select Price under 4 lakh
18:44:22.356 [main] INFO  TestBase.zighome - --- Running on local system ---
18:45:28.969 [main] INFO  TestBase.zighome - Select used cars in chennai
18:45:34.183 [main] INFO  TestBase.zighome - Get model list
15:05:23.382 [main] INFO  TestBase.zighome - --- Running on local system ---
15:05:36.477 [main] INFO  TestBase.zighome - Open the zigwheel Homepage
15:05:42.275 [main] INFO  TestBase.zighome - Select Honda as manufacturer
15:05:44.546 [main] INFO  TestBase.zighome - Select Price under 4 lakh
15:05:48.702 [main] INFO  TestBase.zighome - --- Running on local system ---
15:06:41.572 [main] INFO  TestBase.zighome - Select used cars in chennai
15:06:45.472 [main] INFO  TestBase.zighome - Get model list
15:07:36.818 [main] INFO  TestBase.zighome - --- Running on local system ---
15:07:46.006 [main] INFO  TestBase.zighome - Login the site with google
15:24:53.574 [main] INFO  TestBase.zighome - --- Running on local system ---
15:25:29.501 [main] INFO  TestBase.zighome - Open the zigwheel Homepage
15:26:10.908 [main] INFO  TestBase.zighome - Select Honda as manufacturer
15:26:52.255 [main] INFO  TestBase.zighome - Select Price under 4 lakh
15:28:11.868 [main] INFO  TestBase.zighome - --- Running on local system ---
15:28:27.400 [main] INFO  TestBase.zighome - Open the zigwheel Homepage
15:28:35.293 [main] INFO  TestBase.zighome - Select Honda as manufacturer
15:28:38.367 [main] INFO  TestBase.zighome - Select Price under 4 lakh
15:28:47.352 [main] INFO  TestBase.zighome - --- Running on local system ---
15:28:56.321 [main] INFO  TestBase.zighome - Select used cars in chennai
15:29:08.777 [main] INFO  TestBase.zighome - Get model list
15:29:12.983 [main] INFO  TestBase.zighome - --- Running on local system ---
15:29:23.528 [main] INFO  TestBase.zighome - Login the site with google
